\BOOKMARK [1][-]{section.1}{\376\377\0001\000\040\000S\000t\000a\000r\000p\000o\000r\000t\000s\000\040\000A\000P\000P}{}% 1
\BOOKMARK [1][-]{section.2}{\376\377\0002\000\040\000F\000i\000l\000e\000\040\000I\000n\000d\000e\000x}{}% 2
\BOOKMARK [2][-]{subsection.2.1}{\376\377\0002\000.\0001\000\040\000F\000i\000l\000e\000\040\000L\000i\000s\000t}{section.2}% 3
\BOOKMARK [1][-]{section.3}{\376\377\0003\000\040\000F\000i\000l\000e\000\040\000D\000o\000c\000u\000m\000e\000n\000t\000a\000t\000i\000o\000n}{}% 4
\BOOKMARK [2][-]{subsection.3.1}{\376\377\0003\000.\0001\000\040\000A\000D\000X\000L\0003\0005\0005\000.\000c\000\040\000F\000i\000l\000e\000\040\000R\000e\000f\000e\000r\000e\000n\000c\000e}{section.3}% 5
\BOOKMARK [3][-]{subsubsection.3.1.1}{\376\377\0003\000.\0001\000.\0001\000\040\000D\000e\000t\000a\000i\000l\000e\000d\000\040\000D\000e\000s\000c\000r\000i\000p\000t\000i\000o\000n}{subsection.3.1}% 6
\BOOKMARK [3][-]{subsubsection.3.1.2}{\376\377\0003\000.\0001\000.\0002\000\040\000F\000u\000n\000c\000t\000i\000o\000n\000\040\000D\000o\000c\000u\000m\000e\000n\000t\000a\000t\000i\000o\000n}{subsection.3.1}% 7
\BOOKMARK [2][-]{subsection.3.2}{\376\377\0003\000.\0002\000\040\000A\000D\000X\000L\0003\0005\0005\000.\000c}{section.3}% 8
\BOOKMARK [2][-]{subsection.3.3}{\376\377\0003\000.\0003\000\040\000A\000D\000X\000L\0003\0005\0005\000.\000h\000\040\000F\000i\000l\000e\000\040\000R\000e\000f\000e\000r\000e\000n\000c\000e}{section.3}% 9
\BOOKMARK [3][-]{subsubsection.3.3.1}{\376\377\0003\000.\0003\000.\0001\000\040\000D\000e\000t\000a\000i\000l\000e\000d\000\040\000D\000e\000s\000c\000r\000i\000p\000t\000i\000o\000n}{subsection.3.3}% 10
\BOOKMARK [3][-]{subsubsection.3.3.2}{\376\377\0003\000.\0003\000.\0002\000\040\000D\000a\000t\000a\000\040\000S\000t\000r\000u\000c\000t\000u\000r\000e\000\040\000D\000o\000c\000u\000m\000e\000n\000t\000a\000t\000i\000o\000n}{subsection.3.3}% 11
\BOOKMARK [3][-]{subsubsection.3.3.3}{\376\377\0003\000.\0003\000.\0003\000\040\000M\000a\000c\000r\000o\000\040\000D\000e\000f\000i\000n\000i\000t\000i\000o\000n\000\040\000D\000o\000c\000u\000m\000e\000n\000t\000a\000t\000i\000o\000n}{subsection.3.3}% 12
\BOOKMARK [3][-]{subsubsection.3.3.4}{\376\377\0003\000.\0003\000.\0004\000\040\000E\000n\000u\000m\000e\000r\000a\000t\000i\000o\000n\000\040\000T\000y\000p\000e\000\040\000D\000o\000c\000u\000m\000e\000n\000t\000a\000t\000i\000o\000n}{subsection.3.3}% 13
\BOOKMARK [3][-]{subsubsection.3.3.5}{\376\377\0003\000.\0003\000.\0005\000\040\000F\000u\000n\000c\000t\000i\000o\000n\000\040\000D\000o\000c\000u\000m\000e\000n\000t\000a\000t\000i\000o\000n}{subsection.3.3}% 14
\BOOKMARK [3][-]{subsubsection.3.3.6}{\376\377\0003\000.\0003\000.\0006\000\040\000V\000a\000r\000i\000a\000b\000l\000e\000\040\000D\000o\000c\000u\000m\000e\000n\000t\000a\000t\000i\000o\000n}{subsection.3.3}% 15
\BOOKMARK [2][-]{subsection.3.4}{\376\377\0003\000.\0004\000\040\000A\000D\000X\000L\0003\0005\0005\000.\000h}{section.3}% 16
\BOOKMARK [2][-]{subsection.3.5}{\376\377\0003\000.\0005\000\040\000B\000M\000E\0002\0008\0000\000.\000c\000\040\000F\000i\000l\000e\000\040\000R\000e\000f\000e\000r\000e\000n\000c\000e}{section.3}% 17
\BOOKMARK [3][-]{subsubsection.3.5.1}{\376\377\0003\000.\0005\000.\0001\000\040\000D\000e\000t\000a\000i\000l\000e\000d\000\040\000D\000e\000s\000c\000r\000i\000p\000t\000i\000o\000n}{subsection.3.5}% 18
\BOOKMARK [3][-]{subsubsection.3.5.2}{\376\377\0003\000.\0005\000.\0002\000\040\000F\000u\000n\000c\000t\000i\000o\000n\000\040\000D\000o\000c\000u\000m\000e\000n\000t\000a\000t\000i\000o\000n}{subsection.3.5}% 19
\BOOKMARK [2][-]{subsection.3.6}{\376\377\0003\000.\0006\000\040\000B\000M\000E\0002\0008\0000\000.\000c}{section.3}% 20
\BOOKMARK [2][-]{subsection.3.7}{\376\377\0003\000.\0007\000\040\000B\000M\000E\0002\0008\0000\000.\000h\000\040\000F\000i\000l\000e\000\040\000R\000e\000f\000e\000r\000e\000n\000c\000e}{section.3}% 21
\BOOKMARK [3][-]{subsubsection.3.7.1}{\376\377\0003\000.\0007\000.\0001\000\040\000D\000e\000t\000a\000i\000l\000e\000d\000\040\000D\000e\000s\000c\000r\000i\000p\000t\000i\000o\000n}{subsection.3.7}% 22
\BOOKMARK [3][-]{subsubsection.3.7.2}{\376\377\0003\000.\0007\000.\0002\000\040\000D\000a\000t\000a\000\040\000S\000t\000r\000u\000c\000t\000u\000r\000e\000\040\000D\000o\000c\000u\000m\000e\000n\000t\000a\000t\000i\000o\000n}{subsection.3.7}% 23
\BOOKMARK [3][-]{subsubsection.3.7.3}{\376\377\0003\000.\0007\000.\0003\000\040\000M\000a\000c\000r\000o\000\040\000D\000e\000f\000i\000n\000i\000t\000i\000o\000n\000\040\000D\000o\000c\000u\000m\000e\000n\000t\000a\000t\000i\000o\000n}{subsection.3.7}% 24
\BOOKMARK [3][-]{subsubsection.3.7.4}{\376\377\0003\000.\0007\000.\0004\000\040\000E\000n\000u\000m\000e\000r\000a\000t\000i\000o\000n\000\040\000T\000y\000p\000e\000\040\000D\000o\000c\000u\000m\000e\000n\000t\000a\000t\000i\000o\000n}{subsection.3.7}% 25
\BOOKMARK [3][-]{subsubsection.3.7.5}{\376\377\0003\000.\0007\000.\0005\000\040\000F\000u\000n\000c\000t\000i\000o\000n\000\040\000D\000o\000c\000u\000m\000e\000n\000t\000a\000t\000i\000o\000n}{subsection.3.7}% 26
\BOOKMARK [2][-]{subsection.3.8}{\376\377\0003\000.\0008\000\040\000B\000M\000E\0002\0008\0000\000.\000h}{section.3}% 27
\BOOKMARK [2][-]{subsection.3.9}{\376\377\0003\000.\0009\000\040\000B\000o\000a\000r\000d\000.\000h\000\040\000F\000i\000l\000e\000\040\000R\000e\000f\000e\000r\000e\000n\000c\000e}{section.3}% 28
\BOOKMARK [3][-]{subsubsection.3.9.1}{\376\377\0003\000.\0009\000.\0001\000\040\000M\000a\000c\000r\000o\000\040\000D\000e\000f\000i\000n\000i\000t\000i\000o\000n\000\040\000D\000o\000c\000u\000m\000e\000n\000t\000a\000t\000i\000o\000n}{subsection.3.9}% 29
\BOOKMARK [2][-]{subsection.3.10}{\376\377\0003\000.\0001\0000\000\040\000B\000o\000a\000r\000d\000.\000h}{section.3}% 30
\BOOKMARK [2][-]{subsection.3.11}{\376\377\0003\000.\0001\0001\000\040\000C\000C\0003\0002\0002\0000\000S\000F\000\137\000L\000A\000U\000N\000C\000H\000X\000L\000.\000h\000\040\000F\000i\000l\000e\000\040\000R\000e\000f\000e\000r\000e\000n\000c\000e}{section.3}% 31
\BOOKMARK [3][-]{subsubsection.3.11.1}{\376\377\0003\000.\0001\0001\000.\0001\000\040\000M\000a\000c\000r\000o\000\040\000D\000e\000f\000i\000n\000i\000t\000i\000o\000n\000\040\000D\000o\000c\000u\000m\000e\000n\000t\000a\000t\000i\000o\000n}{subsection.3.11}% 32
\BOOKMARK [3][-]{subsubsection.3.11.2}{\376\377\0003\000.\0001\0001\000.\0002\000\040\000E\000n\000u\000m\000e\000r\000a\000t\000i\000o\000n\000\040\000T\000y\000p\000e\000\040\000D\000o\000c\000u\000m\000e\000n\000t\000a\000t\000i\000o\000n}{subsection.3.11}% 33
\BOOKMARK [3][-]{subsubsection.3.11.3}{\376\377\0003\000.\0001\0001\000.\0003\000\040\000F\000u\000n\000c\000t\000i\000o\000n\000\040\000D\000o\000c\000u\000m\000e\000n\000t\000a\000t\000i\000o\000n}{subsection.3.11}% 34
\BOOKMARK [2][-]{subsection.3.12}{\376\377\0003\000.\0001\0002\000\040\000C\000C\0003\0002\0002\0000\000S\000F\000\137\000L\000A\000U\000N\000C\000H\000X\000L\000.\000h}{section.3}% 35
\BOOKMARK [2][-]{subsection.3.13}{\376\377\0003\000.\0001\0003\000\040\000C\000C\0003\0002\0002\0000\000S\000F\000\137\000S\000T\000A\000R\000P\000O\000R\000T\000S\000.\000c\000\040\000F\000i\000l\000e\000\040\000R\000e\000f\000e\000r\000e\000n\000c\000e}{section.3}% 36
\BOOKMARK [3][-]{subsubsection.3.13.1}{\376\377\0003\000.\0001\0003\000.\0001\000\040\000M\000a\000c\000r\000o\000\040\000D\000e\000f\000i\000n\000i\000t\000i\000o\000n\000\040\000D\000o\000c\000u\000m\000e\000n\000t\000a\000t\000i\000o\000n}{subsection.3.13}% 37
\BOOKMARK [3][-]{subsubsection.3.13.2}{\376\377\0003\000.\0001\0003\000.\0002\000\040\000F\000u\000n\000c\000t\000i\000o\000n\000\040\000D\000o\000c\000u\000m\000e\000n\000t\000a\000t\000i\000o\000n}{subsection.3.13}% 38
\BOOKMARK [3][-]{subsubsection.3.13.3}{\376\377\0003\000.\0001\0003\000.\0003\000\040\000V\000a\000r\000i\000a\000b\000l\000e\000\040\000D\000o\000c\000u\000m\000e\000n\000t\000a\000t\000i\000o\000n}{subsection.3.13}% 39
\BOOKMARK [2][-]{subsection.3.14}{\376\377\0003\000.\0001\0004\000\040\000C\000C\0003\0002\0002\0000\000S\000F\000\137\000S\000T\000A\000R\000P\000O\000R\000T\000S\000.\000c}{section.3}% 40
\BOOKMARK [2][-]{subsection.3.15}{\376\377\0003\000.\0001\0005\000\040\000C\000C\0003\0002\0002\0000\000S\000F\000\137\000S\000T\000A\000R\000P\000O\000R\000T\000S\000.\000h\000\040\000F\000i\000l\000e\000\040\000R\000e\000f\000e\000r\000e\000n\000c\000e}{section.3}% 41
\BOOKMARK [3][-]{subsubsection.3.15.1}{\376\377\0003\000.\0001\0005\000.\0001\000\040\000M\000a\000c\000r\000o\000\040\000D\000e\000f\000i\000n\000i\000t\000i\000o\000n\000\040\000D\000o\000c\000u\000m\000e\000n\000t\000a\000t\000i\000o\000n}{subsection.3.15}% 42
\BOOKMARK [3][-]{subsubsection.3.15.2}{\376\377\0003\000.\0001\0005\000.\0002\000\040\000E\000n\000u\000m\000e\000r\000a\000t\000i\000o\000n\000\040\000T\000y\000p\000e\000\040\000D\000o\000c\000u\000m\000e\000n\000t\000a\000t\000i\000o\000n}{subsection.3.15}% 43
\BOOKMARK [3][-]{subsubsection.3.15.3}{\376\377\0003\000.\0001\0005\000.\0003\000\040\000F\000u\000n\000c\000t\000i\000o\000n\000\040\000D\000o\000c\000u\000m\000e\000n\000t\000a\000t\000i\000o\000n}{subsection.3.15}% 44
\BOOKMARK [2][-]{subsection.3.16}{\376\377\0003\000.\0001\0006\000\040\000C\000C\0003\0002\0002\0000\000S\000F\000\137\000S\000T\000A\000R\000P\000O\000R\000T\000S\000.\000h}{section.3}% 45
\BOOKMARK [2][-]{subsection.3.17}{\376\377\0003\000.\0001\0007\000\040\000D\000S\0001\0003\0007\0004\000.\000c\000\040\000F\000i\000l\000e\000\040\000R\000e\000f\000e\000r\000e\000n\000c\000e}{section.3}% 46
\BOOKMARK [3][-]{subsubsection.3.17.1}{\376\377\0003\000.\0001\0007\000.\0001\000\040\000D\000e\000t\000a\000i\000l\000e\000d\000\040\000D\000e\000s\000c\000r\000i\000p\000t\000i\000o\000n}{subsection.3.17}% 47
\BOOKMARK [3][-]{subsubsection.3.17.2}{\376\377\0003\000.\0001\0007\000.\0002\000\040\000F\000u\000n\000c\000t\000i\000o\000n\000\040\000D\000o\000c\000u\000m\000e\000n\000t\000a\000t\000i\000o\000n}{subsection.3.17}% 48
\BOOKMARK [2][-]{subsection.3.18}{\376\377\0003\000.\0001\0008\000\040\000D\000S\0001\0003\0007\0004\000.\000c}{section.3}% 49
\BOOKMARK [2][-]{subsection.3.19}{\376\377\0003\000.\0001\0009\000\040\000D\000S\0001\0003\0007\0004\000.\000h\000\040\000F\000i\000l\000e\000\040\000R\000e\000f\000e\000r\000e\000n\000c\000e}{section.3}% 50
\BOOKMARK [3][-]{subsubsection.3.19.1}{\376\377\0003\000.\0001\0009\000.\0001\000\040\000D\000e\000t\000a\000i\000l\000e\000d\000\040\000D\000e\000s\000c\000r\000i\000p\000t\000i\000o\000n}{subsection.3.19}% 51
\BOOKMARK [3][-]{subsubsection.3.19.2}{\376\377\0003\000.\0001\0009\000.\0002\000\040\000E\000n\000u\000m\000e\000r\000a\000t\000i\000o\000n\000\040\000T\000y\000p\000e\000\040\000D\000o\000c\000u\000m\000e\000n\000t\000a\000t\000i\000o\000n}{subsection.3.19}% 52
\BOOKMARK [3][-]{subsubsection.3.19.3}{\376\377\0003\000.\0001\0009\000.\0003\000\040\000F\000u\000n\000c\000t\000i\000o\000n\000\040\000D\000o\000c\000u\000m\000e\000n\000t\000a\000t\000i\000o\000n}{subsection.3.19}% 53
\BOOKMARK [2][-]{subsection.3.20}{\376\377\0003\000.\0002\0000\000\040\000D\000S\0001\0003\0007\0004\000.\000h}{section.3}% 54
\BOOKMARK [2][-]{subsection.3.21}{\376\377\0003\000.\0002\0001\000\040\000f\000i\000l\000e\000\137\000s\000y\000s\000t\000e\000m\000.\000c\000\040\000F\000i\000l\000e\000\040\000R\000e\000f\000e\000r\000e\000n\000c\000e}{section.3}% 55
\BOOKMARK [3][-]{subsubsection.3.21.1}{\376\377\0003\000.\0002\0001\000.\0001\000\040\000D\000e\000t\000a\000i\000l\000e\000d\000\040\000D\000e\000s\000c\000r\000i\000p\000t\000i\000o\000n}{subsection.3.21}% 56
\BOOKMARK [3][-]{subsubsection.3.21.2}{\376\377\0003\000.\0002\0001\000.\0002\000\040\000F\000u\000n\000c\000t\000i\000o\000n\000\040\000D\000o\000c\000u\000m\000e\000n\000t\000a\000t\000i\000o\000n}{subsection.3.21}% 57
\BOOKMARK [3][-]{subsubsection.3.21.3}{\376\377\0003\000.\0002\0001\000.\0003\000\040\000V\000a\000r\000i\000a\000b\000l\000e\000\040\000D\000o\000c\000u\000m\000e\000n\000t\000a\000t\000i\000o\000n}{subsection.3.21}% 58
\BOOKMARK [2][-]{subsection.3.22}{\376\377\0003\000.\0002\0002\000\040\000f\000i\000l\000e\000\137\000s\000y\000s\000t\000e\000m\000.\000c}{section.3}% 59
\BOOKMARK [2][-]{subsection.3.23}{\376\377\0003\000.\0002\0003\000\040\000f\000i\000l\000e\000\137\000s\000y\000s\000t\000e\000m\000.\000h\000\040\000F\000i\000l\000e\000\040\000R\000e\000f\000e\000r\000e\000n\000c\000e}{section.3}% 60
\BOOKMARK [3][-]{subsubsection.3.23.1}{\376\377\0003\000.\0002\0003\000.\0001\000\040\000D\000e\000t\000a\000i\000l\000e\000d\000\040\000D\000e\000s\000c\000r\000i\000p\000t\000i\000o\000n}{subsection.3.23}% 61
\BOOKMARK [3][-]{subsubsection.3.23.2}{\376\377\0003\000.\0002\0003\000.\0002\000\040\000M\000a\000c\000r\000o\000\040\000D\000e\000f\000i\000n\000i\000t\000i\000o\000n\000\040\000D\000o\000c\000u\000m\000e\000n\000t\000a\000t\000i\000o\000n}{subsection.3.23}% 62
\BOOKMARK [3][-]{subsubsection.3.23.3}{\376\377\0003\000.\0002\0003\000.\0003\000\040\000F\000u\000n\000c\000t\000i\000o\000n\000\040\000D\000o\000c\000u\000m\000e\000n\000t\000a\000t\000i\000o\000n}{subsection.3.23}% 63
\BOOKMARK [2][-]{subsection.3.24}{\376\377\0003\000.\0002\0004\000\040\000f\000i\000l\000e\000\137\000s\000y\000s\000t\000e\000m\000.\000h}{section.3}% 64
\BOOKMARK [2][-]{subsection.3.25}{\376\377\0003\000.\0002\0005\000\040\000h\000a\000l\000\137\000A\000D\000C\000.\000c\000\040\000F\000i\000l\000e\000\040\000R\000e\000f\000e\000r\000e\000n\000c\000e}{section.3}% 65
\BOOKMARK [3][-]{subsubsection.3.25.1}{\376\377\0003\000.\0002\0005\000.\0001\000\040\000D\000e\000t\000a\000i\000l\000e\000d\000\040\000D\000e\000s\000c\000r\000i\000p\000t\000i\000o\000n}{subsection.3.25}% 66
\BOOKMARK [3][-]{subsubsection.3.25.2}{\376\377\0003\000.\0002\0005\000.\0002\000\040\000F\000u\000n\000c\000t\000i\000o\000n\000\040\000D\000o\000c\000u\000m\000e\000n\000t\000a\000t\000i\000o\000n}{subsection.3.25}% 67
\BOOKMARK [2][-]{subsection.3.26}{\376\377\0003\000.\0002\0006\000\040\000h\000a\000l\000\137\000A\000D\000C\000.\000c}{section.3}% 68
\BOOKMARK [2][-]{subsection.3.27}{\376\377\0003\000.\0002\0007\000\040\000h\000a\000l\000\137\000A\000D\000C\000.\000h\000\040\000F\000i\000l\000e\000\040\000R\000e\000f\000e\000r\000e\000n\000c\000e}{section.3}% 69
\BOOKMARK [3][-]{subsubsection.3.27.1}{\376\377\0003\000.\0002\0007\000.\0001\000\040\000D\000e\000t\000a\000i\000l\000e\000d\000\040\000D\000e\000s\000c\000r\000i\000p\000t\000i\000o\000n}{subsection.3.27}% 70
\BOOKMARK [3][-]{subsubsection.3.27.2}{\376\377\0003\000.\0002\0007\000.\0002\000\040\000F\000u\000n\000c\000t\000i\000o\000n\000\040\000D\000o\000c\000u\000m\000e\000n\000t\000a\000t\000i\000o\000n}{subsection.3.27}% 71
\BOOKMARK [2][-]{subsection.3.28}{\376\377\0003\000.\0002\0008\000\040\000h\000a\000l\000\137\000A\000D\000C\000.\000h}{section.3}% 72
\BOOKMARK [2][-]{subsection.3.29}{\376\377\0003\000.\0002\0009\000\040\000h\000a\000l\000\137\000G\000P\000I\000O\000.\000c\000\040\000F\000i\000l\000e\000\040\000R\000e\000f\000e\000r\000e\000n\000c\000e}{section.3}% 73
\BOOKMARK [3][-]{subsubsection.3.29.1}{\376\377\0003\000.\0002\0009\000.\0001\000\040\000D\000e\000t\000a\000i\000l\000e\000d\000\040\000D\000e\000s\000c\000r\000i\000p\000t\000i\000o\000n}{subsection.3.29}% 74
\BOOKMARK [3][-]{subsubsection.3.29.2}{\376\377\0003\000.\0002\0009\000.\0002\000\040\000F\000u\000n\000c\000t\000i\000o\000n\000\040\000D\000o\000c\000u\000m\000e\000n\000t\000a\000t\000i\000o\000n}{subsection.3.29}% 75
\BOOKMARK [2][-]{subsection.3.30}{\376\377\0003\000.\0003\0000\000\040\000h\000a\000l\000\137\000G\000P\000I\000O\000.\000c}{section.3}% 76
\BOOKMARK [2][-]{subsection.3.31}{\376\377\0003\000.\0003\0001\000\040\000h\000a\000l\000\137\000G\000P\000I\000O\000.\000h\000\040\000F\000i\000l\000e\000\040\000R\000e\000f\000e\000r\000e\000n\000c\000e}{section.3}% 77
\BOOKMARK [3][-]{subsubsection.3.31.1}{\376\377\0003\000.\0003\0001\000.\0001\000\040\000D\000e\000t\000a\000i\000l\000e\000d\000\040\000D\000e\000s\000c\000r\000i\000p\000t\000i\000o\000n}{subsection.3.31}% 78
\BOOKMARK [3][-]{subsubsection.3.31.2}{\376\377\0003\000.\0003\0001\000.\0002\000\040\000F\000u\000n\000c\000t\000i\000o\000n\000\040\000D\000o\000c\000u\000m\000e\000n\000t\000a\000t\000i\000o\000n}{subsection.3.31}% 79
\BOOKMARK [2][-]{subsection.3.32}{\376\377\0003\000.\0003\0002\000\040\000h\000a\000l\000\137\000G\000P\000I\000O\000.\000h}{section.3}% 80
\BOOKMARK [2][-]{subsection.3.33}{\376\377\0003\000.\0003\0003\000\040\000h\000a\000l\000\137\000I\0002\000C\000.\000c\000\040\000F\000i\000l\000e\000\040\000R\000e\000f\000e\000r\000e\000n\000c\000e}{section.3}% 81
\BOOKMARK [3][-]{subsubsection.3.33.1}{\376\377\0003\000.\0003\0003\000.\0001\000\040\000D\000e\000t\000a\000i\000l\000e\000d\000\040\000D\000e\000s\000c\000r\000i\000p\000t\000i\000o\000n}{subsection.3.33}% 82
\BOOKMARK [3][-]{subsubsection.3.33.2}{\376\377\0003\000.\0003\0003\000.\0002\000\040\000F\000u\000n\000c\000t\000i\000o\000n\000\040\000D\000o\000c\000u\000m\000e\000n\000t\000a\000t\000i\000o\000n}{subsection.3.33}% 83
\BOOKMARK [2][-]{subsection.3.34}{\376\377\0003\000.\0003\0004\000\040\000h\000a\000l\000\137\000I\0002\000C\000.\000c}{section.3}% 84
\BOOKMARK [2][-]{subsection.3.35}{\376\377\0003\000.\0003\0005\000\040\000h\000a\000l\000\137\000I\0002\000C\000.\000h\000\040\000F\000i\000l\000e\000\040\000R\000e\000f\000e\000r\000e\000n\000c\000e}{section.3}% 85
\BOOKMARK [3][-]{subsubsection.3.35.1}{\376\377\0003\000.\0003\0005\000.\0001\000\040\000D\000e\000t\000a\000i\000l\000e\000d\000\040\000D\000e\000s\000c\000r\000i\000p\000t\000i\000o\000n}{subsection.3.35}% 86
\BOOKMARK [3][-]{subsubsection.3.35.2}{\376\377\0003\000.\0003\0005\000.\0002\000\040\000F\000u\000n\000c\000t\000i\000o\000n\000\040\000D\000o\000c\000u\000m\000e\000n\000t\000a\000t\000i\000o\000n}{subsection.3.35}% 87
\BOOKMARK [2][-]{subsection.3.36}{\376\377\0003\000.\0003\0006\000\040\000h\000a\000l\000\137\000I\0002\000C\000.\000h}{section.3}% 88
\BOOKMARK [2][-]{subsection.3.37}{\376\377\0003\000.\0003\0007\000\040\000h\000a\000l\000\137\000L\000O\000R\000A\000.\000c\000\040\000F\000i\000l\000e\000\040\000R\000e\000f\000e\000r\000e\000n\000c\000e}{section.3}% 89
\BOOKMARK [3][-]{subsubsection.3.37.1}{\376\377\0003\000.\0003\0007\000.\0001\000\040\000D\000e\000t\000a\000i\000l\000e\000d\000\040\000D\000e\000s\000c\000r\000i\000p\000t\000i\000o\000n}{subsection.3.37}% 90
\BOOKMARK [3][-]{subsubsection.3.37.2}{\376\377\0003\000.\0003\0007\000.\0002\000\040\000F\000u\000n\000c\000t\000i\000o\000n\000\040\000D\000o\000c\000u\000m\000e\000n\000t\000a\000t\000i\000o\000n}{subsection.3.37}% 91
\BOOKMARK [3][-]{subsubsection.3.37.3}{\376\377\0003\000.\0003\0007\000.\0003\000\040\000V\000a\000r\000i\000a\000b\000l\000e\000\040\000D\000o\000c\000u\000m\000e\000n\000t\000a\000t\000i\000o\000n}{subsection.3.37}% 92
\BOOKMARK [2][-]{subsection.3.38}{\376\377\0003\000.\0003\0008\000\040\000h\000a\000l\000\137\000L\000O\000R\000A\000.\000c}{section.3}% 93
\BOOKMARK [2][-]{subsection.3.39}{\376\377\0003\000.\0003\0009\000\040\000h\000a\000l\000\137\000L\000O\000R\000A\000.\000h\000\040\000F\000i\000l\000e\000\040\000R\000e\000f\000e\000r\000e\000n\000c\000e}{section.3}% 94
\BOOKMARK [3][-]{subsubsection.3.39.1}{\376\377\0003\000.\0003\0009\000.\0001\000\040\000D\000e\000t\000a\000i\000l\000e\000d\000\040\000D\000e\000s\000c\000r\000i\000p\000t\000i\000o\000n}{subsection.3.39}% 95
\BOOKMARK [3][-]{subsubsection.3.39.2}{\376\377\0003\000.\0003\0009\000.\0002\000\040\000D\000a\000t\000a\000\040\000S\000t\000r\000u\000c\000t\000u\000r\000e\000\040\000D\000o\000c\000u\000m\000e\000n\000t\000a\000t\000i\000o\000n}{subsection.3.39}% 96
\BOOKMARK [3][-]{subsubsection.3.39.3}{\376\377\0003\000.\0003\0009\000.\0003\000\040\000M\000a\000c\000r\000o\000\040\000D\000e\000f\000i\000n\000i\000t\000i\000o\000n\000\040\000D\000o\000c\000u\000m\000e\000n\000t\000a\000t\000i\000o\000n}{subsection.3.39}% 97
\BOOKMARK [3][-]{subsubsection.3.39.4}{\376\377\0003\000.\0003\0009\000.\0004\000\040\000F\000u\000n\000c\000t\000i\000o\000n\000\040\000D\000o\000c\000u\000m\000e\000n\000t\000a\000t\000i\000o\000n}{subsection.3.39}% 98
\BOOKMARK [2][-]{subsection.3.40}{\376\377\0003\000.\0004\0000\000\040\000h\000a\000l\000\137\000L\000O\000R\000A\000.\000h}{section.3}% 99
\BOOKMARK [2][-]{subsection.3.41}{\376\377\0003\000.\0004\0001\000\040\000h\000a\000l\000\137\000P\000W\000M\000.\000c\000\040\000F\000i\000l\000e\000\040\000R\000e\000f\000e\000r\000e\000n\000c\000e}{section.3}% 100
\BOOKMARK [3][-]{subsubsection.3.41.1}{\376\377\0003\000.\0004\0001\000.\0001\000\040\000D\000e\000t\000a\000i\000l\000e\000d\000\040\000D\000e\000s\000c\000r\000i\000p\000t\000i\000o\000n}{subsection.3.41}% 101
\BOOKMARK [3][-]{subsubsection.3.41.2}{\376\377\0003\000.\0004\0001\000.\0002\000\040\000F\000u\000n\000c\000t\000i\000o\000n\000\040\000D\000o\000c\000u\000m\000e\000n\000t\000a\000t\000i\000o\000n}{subsection.3.41}% 102
\BOOKMARK [2][-]{subsection.3.42}{\376\377\0003\000.\0004\0002\000\040\000h\000a\000l\000\137\000P\000W\000M\000.\000c}{section.3}% 103
\BOOKMARK [2][-]{subsection.3.43}{\376\377\0003\000.\0004\0003\000\040\000h\000a\000l\000\137\000P\000W\000M\000.\000h\000\040\000F\000i\000l\000e\000\040\000R\000e\000f\000e\000r\000e\000n\000c\000e}{section.3}% 104
\BOOKMARK [3][-]{subsubsection.3.43.1}{\376\377\0003\000.\0004\0003\000.\0001\000\040\000D\000e\000t\000a\000i\000l\000e\000d\000\040\000D\000e\000s\000c\000r\000i\000p\000t\000i\000o\000n}{subsection.3.43}% 105
\BOOKMARK [3][-]{subsubsection.3.43.2}{\376\377\0003\000.\0004\0003\000.\0002\000\040\000F\000u\000n\000c\000t\000i\000o\000n\000\040\000D\000o\000c\000u\000m\000e\000n\000t\000a\000t\000i\000o\000n}{subsection.3.43}% 106
\BOOKMARK [2][-]{subsection.3.44}{\376\377\0003\000.\0004\0004\000\040\000h\000a\000l\000\137\000P\000W\000M\000.\000h}{section.3}% 107
\BOOKMARK [2][-]{subsection.3.45}{\376\377\0003\000.\0004\0005\000\040\000h\000a\000l\000\137\000S\000P\000I\000.\000c\000\040\000F\000i\000l\000e\000\040\000R\000e\000f\000e\000r\000e\000n\000c\000e}{section.3}% 108
\BOOKMARK [3][-]{subsubsection.3.45.1}{\376\377\0003\000.\0004\0005\000.\0001\000\040\000D\000e\000t\000a\000i\000l\000e\000d\000\040\000D\000e\000s\000c\000r\000i\000p\000t\000i\000o\000n}{subsection.3.45}% 109
\BOOKMARK [3][-]{subsubsection.3.45.2}{\376\377\0003\000.\0004\0005\000.\0002\000\040\000F\000u\000n\000c\000t\000i\000o\000n\000\040\000D\000o\000c\000u\000m\000e\000n\000t\000a\000t\000i\000o\000n}{subsection.3.45}% 110
\BOOKMARK [2][-]{subsection.3.46}{\376\377\0003\000.\0004\0006\000\040\000h\000a\000l\000\137\000S\000P\000I\000.\000c}{section.3}% 111
\BOOKMARK [2][-]{subsection.3.47}{\376\377\0003\000.\0004\0007\000\040\000h\000a\000l\000\137\000S\000P\000I\000.\000h\000\040\000F\000i\000l\000e\000\040\000R\000e\000f\000e\000r\000e\000n\000c\000e}{section.3}% 112
\BOOKMARK [3][-]{subsubsection.3.47.1}{\376\377\0003\000.\0004\0007\000.\0001\000\040\000D\000e\000t\000a\000i\000l\000e\000d\000\040\000D\000e\000s\000c\000r\000i\000p\000t\000i\000o\000n}{subsection.3.47}% 113
\BOOKMARK [3][-]{subsubsection.3.47.2}{\376\377\0003\000.\0004\0007\000.\0002\000\040\000F\000u\000n\000c\000t\000i\000o\000n\000\040\000D\000o\000c\000u\000m\000e\000n\000t\000a\000t\000i\000o\000n}{subsection.3.47}% 114
\BOOKMARK [2][-]{subsection.3.48}{\376\377\0003\000.\0004\0008\000\040\000h\000a\000l\000\137\000S\000P\000I\000.\000h}{section.3}% 115
\BOOKMARK [2][-]{subsection.3.49}{\376\377\0003\000.\0004\0009\000\040\000h\000a\000l\000\137\000T\000i\000m\000e\000r\000.\000c\000\040\000F\000i\000l\000e\000\040\000R\000e\000f\000e\000r\000e\000n\000c\000e}{section.3}% 116
\BOOKMARK [3][-]{subsubsection.3.49.1}{\376\377\0003\000.\0004\0009\000.\0001\000\040\000D\000e\000t\000a\000i\000l\000e\000d\000\040\000D\000e\000s\000c\000r\000i\000p\000t\000i\000o\000n}{subsection.3.49}% 117
\BOOKMARK [3][-]{subsubsection.3.49.2}{\376\377\0003\000.\0004\0009\000.\0002\000\040\000F\000u\000n\000c\000t\000i\000o\000n\000\040\000D\000o\000c\000u\000m\000e\000n\000t\000a\000t\000i\000o\000n}{subsection.3.49}% 118
\BOOKMARK [3][-]{subsubsection.3.49.3}{\376\377\0003\000.\0004\0009\000.\0003\000\040\000V\000a\000r\000i\000a\000b\000l\000e\000\040\000D\000o\000c\000u\000m\000e\000n\000t\000a\000t\000i\000o\000n}{subsection.3.49}% 119
\BOOKMARK [2][-]{subsection.3.50}{\376\377\0003\000.\0005\0000\000\040\000h\000a\000l\000\137\000T\000i\000m\000e\000r\000.\000c}{section.3}% 120
\BOOKMARK [2][-]{subsection.3.51}{\376\377\0003\000.\0005\0001\000\040\000h\000a\000l\000\137\000T\000i\000m\000e\000r\000.\000h\000\040\000F\000i\000l\000e\000\040\000R\000e\000f\000e\000r\000e\000n\000c\000e}{section.3}% 121
\BOOKMARK [3][-]{subsubsection.3.51.1}{\376\377\0003\000.\0005\0001\000.\0001\000\040\000D\000e\000t\000a\000i\000l\000e\000d\000\040\000D\000e\000s\000c\000r\000i\000p\000t\000i\000o\000n}{subsection.3.51}% 122
\BOOKMARK [3][-]{subsubsection.3.51.2}{\376\377\0003\000.\0005\0001\000.\0002\000\040\000F\000u\000n\000c\000t\000i\000o\000n\000\040\000D\000o\000c\000u\000m\000e\000n\000t\000a\000t\000i\000o\000n}{subsection.3.51}% 123
\BOOKMARK [2][-]{subsection.3.52}{\376\377\0003\000.\0005\0002\000\040\000h\000a\000l\000\137\000T\000i\000m\000e\000r\000.\000h}{section.3}% 124
\BOOKMARK [2][-]{subsection.3.53}{\376\377\0003\000.\0005\0003\000\040\000h\000a\000l\000\137\000T\000M\000P\0000\0000\0006\000.\000c\000\040\000F\000i\000l\000e\000\040\000R\000e\000f\000e\000r\000e\000n\000c\000e}{section.3}% 125
\BOOKMARK [3][-]{subsubsection.3.53.1}{\376\377\0003\000.\0005\0003\000.\0001\000\040\000D\000e\000t\000a\000i\000l\000e\000d\000\040\000D\000e\000s\000c\000r\000i\000p\000t\000i\000o\000n}{subsection.3.53}% 126
\BOOKMARK [3][-]{subsubsection.3.53.2}{\376\377\0003\000.\0005\0003\000.\0002\000\040\000F\000u\000n\000c\000t\000i\000o\000n\000\040\000D\000o\000c\000u\000m\000e\000n\000t\000a\000t\000i\000o\000n}{subsection.3.53}% 127
\BOOKMARK [2][-]{subsection.3.54}{\376\377\0003\000.\0005\0004\000\040\000h\000a\000l\000\137\000T\000M\000P\0000\0000\0006\000.\000c}{section.3}% 128
\BOOKMARK [2][-]{subsection.3.55}{\376\377\0003\000.\0005\0005\000\040\000h\000a\000l\000\137\000T\000M\000P\0000\0000\0006\000.\000h\000\040\000F\000i\000l\000e\000\040\000R\000e\000f\000e\000r\000e\000n\000c\000e}{section.3}% 129
\BOOKMARK [3][-]{subsubsection.3.55.1}{\376\377\0003\000.\0005\0005\000.\0001\000\040\000D\000e\000t\000a\000i\000l\000e\000d\000\040\000D\000e\000s\000c\000r\000i\000p\000t\000i\000o\000n}{subsection.3.55}% 130
\BOOKMARK [3][-]{subsubsection.3.55.2}{\376\377\0003\000.\0005\0005\000.\0002\000\040\000M\000a\000c\000r\000o\000\040\000D\000e\000f\000i\000n\000i\000t\000i\000o\000n\000\040\000D\000o\000c\000u\000m\000e\000n\000t\000a\000t\000i\000o\000n}{subsection.3.55}% 131
\BOOKMARK [3][-]{subsubsection.3.55.3}{\376\377\0003\000.\0005\0005\000.\0003\000\040\000F\000u\000n\000c\000t\000i\000o\000n\000\040\000D\000o\000c\000u\000m\000e\000n\000t\000a\000t\000i\000o\000n}{subsection.3.55}% 132
\BOOKMARK [2][-]{subsection.3.56}{\376\377\0003\000.\0005\0006\000\040\000h\000a\000l\000\137\000T\000M\000P\0000\0000\0006\000.\000h}{section.3}% 133
\BOOKMARK [2][-]{subsection.3.57}{\376\377\0003\000.\0005\0007\000\040\000h\000a\000l\000\137\000U\000A\000R\000T\000.\000c\000\040\000F\000i\000l\000e\000\040\000R\000e\000f\000e\000r\000e\000n\000c\000e}{section.3}% 134
\BOOKMARK [3][-]{subsubsection.3.57.1}{\376\377\0003\000.\0005\0007\000.\0001\000\040\000D\000e\000t\000a\000i\000l\000e\000d\000\040\000D\000e\000s\000c\000r\000i\000p\000t\000i\000o\000n}{subsection.3.57}% 135
\BOOKMARK [3][-]{subsubsection.3.57.2}{\376\377\0003\000.\0005\0007\000.\0002\000\040\000F\000u\000n\000c\000t\000i\000o\000n\000\040\000D\000o\000c\000u\000m\000e\000n\000t\000a\000t\000i\000o\000n}{subsection.3.57}% 136
\BOOKMARK [3][-]{subsubsection.3.57.3}{\376\377\0003\000.\0005\0007\000.\0003\000\040\000V\000a\000r\000i\000a\000b\000l\000e\000\040\000D\000o\000c\000u\000m\000e\000n\000t\000a\000t\000i\000o\000n}{subsection.3.57}% 137
\BOOKMARK [2][-]{subsection.3.58}{\376\377\0003\000.\0005\0008\000\040\000h\000a\000l\000\137\000U\000A\000R\000T\000.\000c}{section.3}% 138
\BOOKMARK [2][-]{subsection.3.59}{\376\377\0003\000.\0005\0009\000\040\000h\000a\000l\000\137\000U\000A\000R\000T\000.\000h\000\040\000F\000i\000l\000e\000\040\000R\000e\000f\000e\000r\000e\000n\000c\000e}{section.3}% 139
\BOOKMARK [3][-]{subsubsection.3.59.1}{\376\377\0003\000.\0005\0009\000.\0001\000\040\000D\000e\000t\000a\000i\000l\000e\000d\000\040\000D\000e\000s\000c\000r\000i\000p\000t\000i\000o\000n}{subsection.3.59}% 140
\BOOKMARK [3][-]{subsubsection.3.59.2}{\376\377\0003\000.\0005\0009\000.\0002\000\040\000M\000a\000c\000r\000o\000\040\000D\000e\000f\000i\000n\000i\000t\000i\000o\000n\000\040\000D\000o\000c\000u\000m\000e\000n\000t\000a\000t\000i\000o\000n}{subsection.3.59}% 141
\BOOKMARK [3][-]{subsubsection.3.59.3}{\376\377\0003\000.\0005\0009\000.\0003\000\040\000F\000u\000n\000c\000t\000i\000o\000n\000\040\000D\000o\000c\000u\000m\000e\000n\000t\000a\000t\000i\000o\000n}{subsection.3.59}% 142
\BOOKMARK [2][-]{subsection.3.60}{\376\377\0003\000.\0006\0000\000\040\000h\000a\000l\000\137\000U\000A\000R\000T\000.\000h}{section.3}% 143
\BOOKMARK [2][-]{subsection.3.61}{\376\377\0003\000.\0006\0001\000\040\000h\000a\000l\000\137\000W\000D\000.\000c\000\040\000F\000i\000l\000e\000\040\000R\000e\000f\000e\000r\000e\000n\000c\000e}{section.3}% 144
\BOOKMARK [3][-]{subsubsection.3.61.1}{\376\377\0003\000.\0006\0001\000.\0001\000\040\000D\000e\000t\000a\000i\000l\000e\000d\000\040\000D\000e\000s\000c\000r\000i\000p\000t\000i\000o\000n}{subsection.3.61}% 145
\BOOKMARK [3][-]{subsubsection.3.61.2}{\376\377\0003\000.\0006\0001\000.\0002\000\040\000F\000u\000n\000c\000t\000i\000o\000n\000\040\000D\000o\000c\000u\000m\000e\000n\000t\000a\000t\000i\000o\000n}{subsection.3.61}% 146
\BOOKMARK [3][-]{subsubsection.3.61.3}{\376\377\0003\000.\0006\0001\000.\0003\000\040\000V\000a\000r\000i\000a\000b\000l\000e\000\040\000D\000o\000c\000u\000m\000e\000n\000t\000a\000t\000i\000o\000n}{subsection.3.61}% 147
\BOOKMARK [2][-]{subsection.3.62}{\376\377\0003\000.\0006\0002\000\040\000h\000a\000l\000\137\000W\000D\000.\000c}{section.3}% 148
\BOOKMARK [2][-]{subsection.3.63}{\376\377\0003\000.\0006\0003\000\040\000h\000a\000l\000\137\000W\000D\000.\000h\000\040\000F\000i\000l\000e\000\040\000R\000e\000f\000e\000r\000e\000n\000c\000e}{section.3}% 149
\BOOKMARK [3][-]{subsubsection.3.63.1}{\376\377\0003\000.\0006\0003\000.\0001\000\040\000D\000e\000t\000a\000i\000l\000e\000d\000\040\000D\000e\000s\000c\000r\000i\000p\000t\000i\000o\000n}{subsection.3.63}% 150
\BOOKMARK [3][-]{subsubsection.3.63.2}{\376\377\0003\000.\0006\0003\000.\0002\000\040\000F\000u\000n\000c\000t\000i\000o\000n\000\040\000D\000o\000c\000u\000m\000e\000n\000t\000a\000t\000i\000o\000n}{subsection.3.63}% 151
\BOOKMARK [2][-]{subsection.3.64}{\376\377\0003\000.\0006\0004\000\040\000h\000a\000l\000\137\000W\000D\000.\000h}{section.3}% 152
\BOOKMARK [2][-]{subsection.3.65}{\376\377\0003\000.\0006\0005\000\040\000L\000D\000C\0001\0000\0000\0000\000.\000c\000\040\000F\000i\000l\000e\000\040\000R\000e\000f\000e\000r\000e\000n\000c\000e}{section.3}% 153
\BOOKMARK [3][-]{subsubsection.3.65.1}{\376\377\0003\000.\0006\0005\000.\0001\000\040\000D\000e\000t\000a\000i\000l\000e\000d\000\040\000D\000e\000s\000c\000r\000i\000p\000t\000i\000o\000n}{subsection.3.65}% 154
\BOOKMARK [3][-]{subsubsection.3.65.2}{\376\377\0003\000.\0006\0005\000.\0002\000\040\000F\000u\000n\000c\000t\000i\000o\000n\000\040\000D\000o\000c\000u\000m\000e\000n\000t\000a\000t\000i\000o\000n}{subsection.3.65}% 155
\BOOKMARK [2][-]{subsection.3.66}{\376\377\0003\000.\0006\0006\000\040\000L\000D\000C\0001\0000\0000\0000\000.\000c}{section.3}% 156
\BOOKMARK [2][-]{subsection.3.67}{\376\377\0003\000.\0006\0007\000\040\000L\000D\000C\0001\0000\0000\0000\000.\000h\000\040\000F\000i\000l\000e\000\040\000R\000e\000f\000e\000r\000e\000n\000c\000e}{section.3}% 157
\BOOKMARK [3][-]{subsubsection.3.67.1}{\376\377\0003\000.\0006\0007\000.\0001\000\040\000D\000e\000t\000a\000i\000l\000e\000d\000\040\000D\000e\000s\000c\000r\000i\000p\000t\000i\000o\000n}{subsection.3.67}% 158
\BOOKMARK [3][-]{subsubsection.3.67.2}{\376\377\0003\000.\0006\0007\000.\0002\000\040\000E\000n\000u\000m\000e\000r\000a\000t\000i\000o\000n\000\040\000T\000y\000p\000e\000\040\000D\000o\000c\000u\000m\000e\000n\000t\000a\000t\000i\000o\000n}{subsection.3.67}% 159
\BOOKMARK [3][-]{subsubsection.3.67.3}{\376\377\0003\000.\0006\0007\000.\0003\000\040\000F\000u\000n\000c\000t\000i\000o\000n\000\040\000D\000o\000c\000u\000m\000e\000n\000t\000a\000t\000i\000o\000n}{subsection.3.67}% 160
\BOOKMARK [2][-]{subsection.3.68}{\376\377\0003\000.\0006\0008\000\040\000L\000D\000C\0001\0000\0000\0000\000.\000h}{section.3}% 161
\BOOKMARK [2][-]{subsection.3.69}{\376\377\0003\000.\0006\0009\000\040\000m\000a\000i\000n\000\137\000n\000o\000r\000t\000o\000s\000.\000c\000\040\000F\000i\000l\000e\000\040\000R\000e\000f\000e\000r\000e\000n\000c\000e}{section.3}% 162
\BOOKMARK [3][-]{subsubsection.3.69.1}{\376\377\0003\000.\0006\0009\000.\0001\000\040\000D\000e\000t\000a\000i\000l\000e\000d\000\040\000D\000e\000s\000c\000r\000i\000p\000t\000i\000o\000n}{subsection.3.69}% 163
\BOOKMARK [3][-]{subsubsection.3.69.2}{\376\377\0003\000.\0006\0009\000.\0002\000\040\000F\000u\000n\000c\000t\000i\000o\000n\000\040\000D\000o\000c\000u\000m\000e\000n\000t\000a\000t\000i\000o\000n}{subsection.3.69}% 164
\BOOKMARK [2][-]{subsection.3.70}{\376\377\0003\000.\0007\0000\000\040\000m\000a\000i\000n\000\137\000n\000o\000r\000t\000o\000s\000.\000c}{section.3}% 165
\BOOKMARK [2][-]{subsection.3.71}{\376\377\0003\000.\0007\0001\000\040\000S\000e\000n\000s\000o\000r\000s\000.\000c\000\040\000F\000i\000l\000e\000\040\000R\000e\000f\000e\000r\000e\000n\000c\000e}{section.3}% 166
\BOOKMARK [3][-]{subsubsection.3.71.1}{\376\377\0003\000.\0007\0001\000.\0001\000\040\000D\000e\000t\000a\000i\000l\000e\000d\000\040\000D\000e\000s\000c\000r\000i\000p\000t\000i\000o\000n}{subsection.3.71}% 167
\BOOKMARK [3][-]{subsubsection.3.71.2}{\376\377\0003\000.\0007\0001\000.\0002\000\040\000F\000u\000n\000c\000t\000i\000o\000n\000\040\000D\000o\000c\000u\000m\000e\000n\000t\000a\000t\000i\000o\000n}{subsection.3.71}% 168
\BOOKMARK [3][-]{subsubsection.3.71.3}{\376\377\0003\000.\0007\0001\000.\0003\000\040\000V\000a\000r\000i\000a\000b\000l\000e\000\040\000D\000o\000c\000u\000m\000e\000n\000t\000a\000t\000i\000o\000n}{subsection.3.71}% 169
\BOOKMARK [2][-]{subsection.3.72}{\376\377\0003\000.\0007\0002\000\040\000S\000e\000n\000s\000o\000r\000s\000.\000c}{section.3}% 170
\BOOKMARK [2][-]{subsection.3.73}{\376\377\0003\000.\0007\0003\000\040\000S\000e\000n\000s\000o\000r\000s\000.\000h\000\040\000F\000i\000l\000e\000\040\000R\000e\000f\000e\000r\000e\000n\000c\000e}{section.3}% 171
\BOOKMARK [3][-]{subsubsection.3.73.1}{\376\377\0003\000.\0007\0003\000.\0001\000\040\000D\000e\000t\000a\000i\000l\000e\000d\000\040\000D\000e\000s\000c\000r\000i\000p\000t\000i\000o\000n}{subsection.3.73}% 172
\BOOKMARK [3][-]{subsubsection.3.73.2}{\376\377\0003\000.\0007\0003\000.\0002\000\040\000F\000u\000n\000c\000t\000i\000o\000n\000\040\000D\000o\000c\000u\000m\000e\000n\000t\000a\000t\000i\000o\000n}{subsection.3.73}% 173
\BOOKMARK [2][-]{subsection.3.74}{\376\377\0003\000.\0007\0004\000\040\000S\000e\000n\000s\000o\000r\000s\000.\000h}{section.3}% 174
\BOOKMARK [2][-]{subsection.3.75}{\376\377\0003\000.\0007\0005\000\040\000S\000T\000A\000R\000P\000O\000R\000T\000S\000\137\000A\000p\000p\000.\000c\000\040\000F\000i\000l\000e\000\040\000R\000e\000f\000e\000r\000e\000n\000c\000e}{section.3}% 175
\BOOKMARK [3][-]{subsubsection.3.75.1}{\376\377\0003\000.\0007\0005\000.\0001\000\040\000D\000e\000t\000a\000i\000l\000e\000d\000\040\000D\000e\000s\000c\000r\000i\000p\000t\000i\000o\000n}{subsection.3.75}% 176
\BOOKMARK [3][-]{subsubsection.3.75.2}{\376\377\0003\000.\0007\0005\000.\0002\000\040\000M\000a\000c\000r\000o\000\040\000D\000e\000f\000i\000n\000i\000t\000i\000o\000n\000\040\000D\000o\000c\000u\000m\000e\000n\000t\000a\000t\000i\000o\000n}{subsection.3.75}% 177
\BOOKMARK [3][-]{subsubsection.3.75.3}{\376\377\0003\000.\0007\0005\000.\0003\000\040\000F\000u\000n\000c\000t\000i\000o\000n\000\040\000D\000o\000c\000u\000m\000e\000n\000t\000a\000t\000i\000o\000n}{subsection.3.75}% 178
\BOOKMARK [3][-]{subsubsection.3.75.4}{\376\377\0003\000.\0007\0005\000.\0004\000\040\000V\000a\000r\000i\000a\000b\000l\000e\000\040\000D\000o\000c\000u\000m\000e\000n\000t\000a\000t\000i\000o\000n}{subsection.3.75}% 179
\BOOKMARK [2][-]{subsection.3.76}{\376\377\0003\000.\0007\0006\000\040\000S\000T\000A\000R\000P\000O\000R\000T\000S\000\137\000A\000p\000p\000.\000c}{section.3}% 180
\BOOKMARK [2][-]{subsection.3.77}{\376\377\0003\000.\0007\0007\000\040\000S\000T\000A\000R\000P\000O\000R\000T\000S\000\137\000A\000p\000p\000.\000h\000\040\000F\000i\000l\000e\000\040\000R\000e\000f\000e\000r\000e\000n\000c\000e}{section.3}% 181
\BOOKMARK [3][-]{subsubsection.3.77.1}{\376\377\0003\000.\0007\0007\000.\0001\000\040\000D\000e\000t\000a\000i\000l\000e\000d\000\040\000D\000e\000s\000c\000r\000i\000p\000t\000i\000o\000n}{subsection.3.77}% 182
\BOOKMARK [3][-]{subsubsection.3.77.2}{\376\377\0003\000.\0007\0007\000.\0002\000\040\000D\000a\000t\000a\000\040\000S\000t\000r\000u\000c\000t\000u\000r\000e\000\040\000D\000o\000c\000u\000m\000e\000n\000t\000a\000t\000i\000o\000n}{subsection.3.77}% 183
\BOOKMARK [3][-]{subsubsection.3.77.3}{\376\377\0003\000.\0007\0007\000.\0003\000\040\000M\000a\000c\000r\000o\000\040\000D\000e\000f\000i\000n\000i\000t\000i\000o\000n\000\040\000D\000o\000c\000u\000m\000e\000n\000t\000a\000t\000i\000o\000n}{subsection.3.77}% 184
\BOOKMARK [3][-]{subsubsection.3.77.4}{\376\377\0003\000.\0007\0007\000.\0004\000\040\000E\000n\000u\000m\000e\000r\000a\000t\000i\000o\000n\000\040\000T\000y\000p\000e\000\040\000D\000o\000c\000u\000m\000e\000n\000t\000a\000t\000i\000o\000n}{subsection.3.77}% 185
\BOOKMARK [3][-]{subsubsection.3.77.5}{\376\377\0003\000.\0007\0007\000.\0005\000\040\000V\000a\000r\000i\000a\000b\000l\000e\000\040\000D\000o\000c\000u\000m\000e\000n\000t\000a\000t\000i\000o\000n}{subsection.3.77}% 186
\BOOKMARK [2][-]{subsection.3.78}{\376\377\0003\000.\0007\0008\000\040\000S\000T\000A\000R\000P\000O\000R\000T\000S\000\137\000A\000p\000p\000.\000h}{section.3}% 187
\BOOKMARK [2][-]{subsection.3.79}{\376\377\0003\000.\0007\0009\000\040\000w\000i\000f\000i\000.\000c\000\040\000F\000i\000l\000e\000\040\000R\000e\000f\000e\000r\000e\000n\000c\000e}{section.3}% 188
\BOOKMARK [3][-]{subsubsection.3.79.1}{\376\377\0003\000.\0007\0009\000.\0001\000\040\000D\000e\000t\000a\000i\000l\000e\000d\000\040\000D\000e\000s\000c\000r\000i\000p\000t\000i\000o\000n}{subsection.3.79}% 189
\BOOKMARK [3][-]{subsubsection.3.79.2}{\376\377\0003\000.\0007\0009\000.\0002\000\040\000F\000u\000n\000c\000t\000i\000o\000n\000\040\000D\000o\000c\000u\000m\000e\000n\000t\000a\000t\000i\000o\000n}{subsection.3.79}% 190
\BOOKMARK [2][-]{subsection.3.80}{\376\377\0003\000.\0008\0000\000\040\000w\000i\000f\000i\000.\000c}{section.3}% 191
\BOOKMARK [2][-]{subsection.3.81}{\376\377\0003\000.\0008\0001\000\040\000w\000i\000f\000i\000.\000h\000\040\000F\000i\000l\000e\000\040\000R\000e\000f\000e\000r\000e\000n\000c\000e}{section.3}% 192
\BOOKMARK [3][-]{subsubsection.3.81.1}{\376\377\0003\000.\0008\0001\000.\0001\000\040\000D\000e\000t\000a\000i\000l\000e\000d\000\040\000D\000e\000s\000c\000r\000i\000p\000t\000i\000o\000n}{subsection.3.81}% 193
\BOOKMARK [3][-]{subsubsection.3.81.2}{\376\377\0003\000.\0008\0001\000.\0002\000\040\000D\000a\000t\000a\000\040\000S\000t\000r\000u\000c\000t\000u\000r\000e\000\040\000D\000o\000c\000u\000m\000e\000n\000t\000a\000t\000i\000o\000n}{subsection.3.81}% 194
\BOOKMARK [3][-]{subsubsection.3.81.3}{\376\377\0003\000.\0008\0001\000.\0003\000\040\000M\000a\000c\000r\000o\000\040\000D\000e\000f\000i\000n\000i\000t\000i\000o\000n\000\040\000D\000o\000c\000u\000m\000e\000n\000t\000a\000t\000i\000o\000n}{subsection.3.81}% 195
\BOOKMARK [3][-]{subsubsection.3.81.4}{\376\377\0003\000.\0008\0001\000.\0004\000\040\000E\000n\000u\000m\000e\000r\000a\000t\000i\000o\000n\000\040\000T\000y\000p\000e\000\040\000D\000o\000c\000u\000m\000e\000n\000t\000a\000t\000i\000o\000n}{subsection.3.81}% 196
\BOOKMARK [3][-]{subsubsection.3.81.5}{\376\377\0003\000.\0008\0001\000.\0005\000\040\000F\000u\000n\000c\000t\000i\000o\000n\000\040\000D\000o\000c\000u\000m\000e\000n\000t\000a\000t\000i\000o\000n}{subsection.3.81}% 197
\BOOKMARK [3][-]{subsubsection.3.81.6}{\376\377\0003\000.\0008\0001\000.\0006\000\040\000V\000a\000r\000i\000a\000b\000l\000e\000\040\000D\000o\000c\000u\000m\000e\000n\000t\000a\000t\000i\000o\000n}{subsection.3.81}% 198
\BOOKMARK [2][-]{subsection.3.82}{\376\377\0003\000.\0008\0002\000\040\000w\000i\000f\000i\000.\000h}{section.3}% 199
\BOOKMARK [1][-]{section*.77}{\376\377\000I\000n\000d\000e\000x}{}% 200
